<?xml version="1.0" encoding="UTF-8"?>
<!-- Generated by org.testng.reporters.JUnitXMLReporter -->
<testsuite ignored="2" hostname="Abdulraheem" failures="0" tests="2" name="Default test" time="1.328" errors="0" timestamp="2024-06-09T18:44:03 EET">
  <testcase classname="myTestCases" name="loginTest" time="0.313"/>
  <testcase classname="myTestCases" name="findAllElementsThatHasTheTextLab" time="0.08"/>
  <testcase classname="myTestCases" name="addOneItemAndSkipTheNextOne" time="0.0">
    <ignored/>
  </testcase> <!-- addOneItemAndSkipTheNextOne -->
  <testcase classname="myTestCases" name="addAllItems" time="0.0">
    <ignored/>
  </testcase> <!-- addAllItems -->
</testsuite> <!-- Default test -->
