<?xml version="1.0" encoding="UTF-8"?>
<testng-results ignored="2" total="4" passed="2" failed="0" skipped="0">
  <reporter-output>
  </reporter-output>
  <suite started-at="2024-06-09T18:44:01 EET" name="Default suite" finished-at="2024-06-09T18:44:03 EET" duration-ms="1328">
    <groups>
    </groups>
    <test started-at="2024-06-09T18:44:01 EET" name="Default test" finished-at="2024-06-09T18:44:03 EET" duration-ms="1328">
      <class name="myTestCases">
        <test-method is-config="true" signature="mySetup()[pri:0, instance:myTestCases@42f8285e]" started-at="2024-06-09T18:44:01 EET" name="mySetup" finished-at="2024-06-09T18:44:02 EET" duration-ms="903" status="PASS">
          <reporter-output>
          </reporter-output>
        </test-method> <!-- mySetup -->
        <test-method signature="loginTest()[pri:1, instance:myTestCases@42f8285e]" started-at="2024-06-09T18:44:02 EET" name="loginTest" finished-at="2024-06-09T18:44:02 EET" duration-ms="313" status="PASS">
          <reporter-output>
          </reporter-output>
        </test-method> <!-- loginTest -->
        <test-method signature="findAllElementsThatHasTheTextLab()[pri:4, instance:myTestCases@42f8285e]" started-at="2024-06-09T18:44:02 EET" name="findAllElementsThatHasTheTextLab" finished-at="2024-06-09T18:44:03 EET" duration-ms="80" status="PASS">
          <reporter-output>
          </reporter-output>
        </test-method> <!-- findAllElementsThatHasTheTextLab -->
      </class> <!-- myTestCases -->
    </test> <!-- Default test -->
  </suite> <!-- Default suite -->
</testng-results>
